Arguments: 
  C:\Program Files\nodejs\node.exe C:\Users\Hasnat Amin\AppData\Roaming\npm\node_modules\yarn\bin\yarn.js add multer

PATH: 
  C:\Windows\system32;C:\Windows;C:\Windows\System32\Wbem;C:\Windows\System32\WindowsPowerShell\v1.0\;C:\Windows\System32\OpenSSH\;C:\ProgramData\chocolatey\bin;C:\Program Files\Git\cmd;C:\Program Files\MongoDB\Server\5.0\bin;C:\Program Files\nodejs\;C:\Program Files\Microsoft SQL Server\130\Tools\Binn\;C:\Program Files\Microsoft SQL Server\Client SDK\ODBC\170\Tools\Binn\;C:\Program Files\Java\jdk-14.0.2;C:\Users\Hasnat Amin\AppData\Local\Android\Sdk\platform-tools;C:\Program Files\OpenJDK\jdk-14.0.2\bin;C:\Program Files (x86)\Microsoft SQL Server\150\Tools\Binn\;C:\Program Files\Microsoft SQL Server\150\Tools\Binn\;C:\Program Files\Microsoft SQL Server\150\DTS\Binn\;C:\Program Files (x86)\dotnet\;E:\Program Files\dart-sdk\bin;C:\Users\Hasnat Amin\flutter\bin;E:\software\gradle-7.2;C:\Program Files\Amazon\AWSCLIV2\;C:\Users\Hasnat Amin\AppData\Local\Programs\Python\Python39\Scripts\;C:\Users\Hasnat Amin\AppData\Local\Programs\Python\Python39\;C:\Users\Hasnat Amin\AppData\Local\Microsoft\WindowsApps;C:\Users\Hasnat Amin\AppData\Local\Programs\Microsoft VS Code\bin;C:\Users\Hasnat Amin\AppData\Local\GitHubDesktop\bin;C:\Program Files\heroku\bin;C:\Program Files\MongoDB\Server\5.0\bin;C:\Users\Hasnat Amin\AppData\Local\Programs\mongosh\;C:\Users\Hasnat Amin\AppData\Roaming\npm;C:\Program Files\Java\jdk-14.0.2;C:\Users\Hasnat Amin\AppData\Local\Android\Sdk\platform-tools;E:\Program Files\dart-sdk\bin;C:\Users\Hasnat Amin\flutter\bin;E:\software\gradle-7.2;

Yarn version: 
  1.22.17

Node version: 
  14.18.1

Platform: 
  win32 x64

Trace: 
  Error: getaddrinfo ENOTFOUND registry.yarnpkg.com
      at GetAddrInfoReqWrap.onlookup [as oncomplete] (dns.js:71:26)

npm manifest: 
  {
    "name": "app",
    "version": "1.0.0",
    "description": "",
    "main": "index.js",
    "engines": {
      "node": "14.x",
      "npm": "6.x"
    },
    "scripts": {
      "start": "nodemon index.js",
      "test": "echo \"Error: no test specified\" && exit 1"
    },
    "keywords": [],
    "author": "",
    "license": "ISC",
    "dependencies": {
      "axios": "^0.26.1",
      "bcrypt": "^5.0.1",
      "dotenv": "^16.0.0",
      "express": "^4.17.3",
      "firebase": "^9.8.2",
      "jsonwebtoken": "^8.5.1",
      "lodash": "^4.17.21",
      "messagebird": "^3.7.2",
      "mongoose": "^6.2.5",
      "netlify-lambda": "^2.0.15",
      "nodemailer": "^6.7.2",
      "nodemon": "^2.0.15",
      "otp-generator": "^4.0.0",
      "serverless-http": "^2.7.0"
    }
  }

yarn manifest: 
  No manifest

Lockfile: 
  No lockfile
